Using pre-set license
Built from '2020.3/staging' branch; Version is '2020.3.8f1 (507919d4fff5) revision 5273881'; Using compiler version '192528614'; Build Type 'Release'
OS: 'Windows 10 Enterprise; OS build 19045.3086; Version 2009; 64bit' Language: 'en' Physical Memory: 16282 MB
BatchMode: 1, IsHumanControllingUs: 0, StartBugReporterOnCrash: 0, Is64bit: 1, IsPro: 0

 COMMAND LINE ARGUMENTS:
C:\Program Files\Unity\Hub\Editor\2020.3.8f1\Editor\Unity.exe
-adb2
-batchMode
-noUpm
-name
AssetImportWorker2
-projectPath
C:/Users/powellt1/Documents/COMP3800 AI/Lab3/LAB3/PathFinding_
-logFile
Logs/AssetImportWorker2.log
-srvPort
57775
Successfully changed project path to: C:/Users/powellt1/Documents/COMP3800 AI/Lab3/LAB3/PathFinding_
C:/Users/powellt1/Documents/COMP3800 AI/Lab3/LAB3/PathFinding_
Using Asset Import Pipeline V2.
Refreshing native plugins compatible for Editor in 159.13 ms, found 1 plugins.
Preloading 0 native plugins for Editor in 0.00 ms.
Initialize engine version: 2020.3.8f1 (507919d4fff5)
[Subsystems] Discovering subsystems at path C:/Program Files/Unity/Hub/Editor/2020.3.8f1/Editor/Data/Resources/UnitySubsystems
[Subsystems] Discovering subsystems at path C:/Users/powellt1/Documents/COMP3800 AI/Lab3/LAB3/PathFinding_/Assets
GfxDevice: creating device client; threaded=0
Direct3D:
    Version:  Direct3D 11.0 [level 11.1]
    Renderer: NVIDIA GeForce RTX 2070 with Max-Q Design (ID=0x1f10)
    Vendor:   
    VRAM:     8019 MB
    Driver:   31.0.15.3118
Initialize mono
Mono path[0] = 'C:/Program Files/Unity/Hub/Editor/2020.3.8f1/Editor/Data/Managed'
Mono path[1] = 'C:/Program Files/Unity/Hub/Editor/2020.3.8f1/Editor/Data/MonoBleedingEdge/lib/mono/unityjit'
Mono config path = 'C:/Program Files/Unity/Hub/Editor/2020.3.8f1/Editor/Data/MonoBleedingEdge/etc'
Using monoOptions --debugger-agent=transport=dt_socket,embedding=1,server=y,suspend=n,address=127.0.0.1:56868
Begin MonoManager ReloadAssembly
Registering precompiled unity dll's ...
Register platform support module: C:/Program Files/Unity/Hub/Editor/2020.3.8f1/Editor/Data/PlaybackEngines/WindowsStandaloneSupport/UnityEditor.WindowsStandalone.Extensions.dll
Registered in 0.001963 seconds.
Native extension for WindowsStandalone target not found
Refreshing native plugins compatible for Editor in 127.43 ms, found 1 plugins.
Preloading 0 native plugins for Editor in 0.00 ms.
Mono: successfully reloaded assembly
- Completed reload, in  2.648 seconds
Platform modules already initialized, skipping
Registering precompiled user dll's ...
Registered in 0.013692 seconds.
Begin MonoManager ReloadAssembly
Native extension for WindowsStandalone target not found
Refreshing native plugins compatible for Editor in 101.81 ms, found 1 plugins.
Preloading 0 native plugins for Editor in 0.00 ms.
Mono: successfully reloaded assembly
- Completed reload, in 15.148 seconds
Platform modules already initialized, skipping
========================================================================
Worker process is ready to serve import requests
Launched and connected shader compiler UnityShaderCompiler.exe after 0.22 seconds
Refreshing native plugins compatible for Editor in 2.29 ms, found 1 plugins.
Preloading 0 native plugins for Editor in 0.00 ms.
Unloading 2340 Unused Serialized files (Serialized files now loaded: 0)
System memory in use before: 110.3 MB.
System memory in use after: 110.5 MB.

Unloading 67 unused Assets to reduce memory usage. Loaded Objects now: 2741.
Total: 12.209900 ms (FindLiveObjects: 0.608000 ms CreateObjectMapping: 0.272400 ms MarkObjects: 11.200700 ms  DeleteObjects: 0.126800 ms)

========================================================================
Received Import Request.
  path: Assets/Scripts/MusicController.cs
  artifactKey: Guid(312dee30ab0be3949ad5266584c1a3cb) Importer(815301076,1909f56bfc062723c751e8b465ee728b)
Start importing Assets/Scripts/MusicController.cs using Guid(312dee30ab0be3949ad5266584c1a3cb) Importer(815301076,1909f56bfc062723c751e8b465ee728b)  -> (artifact id: '7c9504545c6ba491432eb26c6ef18763') in 0.144478 seconds
  Import took 0.154376 seconds .

========================================================================
Received Prepare
Registering precompiled user dll's ...
Registered in 0.011407 seconds.
Begin MonoManager ReloadAssembly
Native extension for WindowsStandalone target not found
Refreshing native plugins compatible for Editor in 1.23 ms, found 1 plugins.
Preloading 0 native plugins for Editor in 0.00 ms.
Mono: successfully reloaded assembly
- Completed reload, in  2.494 seconds
Platform modules already initialized, skipping
Refreshing native plugins compatible for Editor in 1.74 ms, found 1 plugins.
Preloading 0 native plugins for Editor in 0.00 ms.
Unloading 2290 Unused Serialized files (Serialized files now loaded: 0)
System memory in use before: 105.8 MB.
System memory in use after: 106.0 MB.

Unloading 57 unused Assets to reduce memory usage. Loaded Objects now: 2746.
Total: 17.125500 ms (FindLiveObjects: 0.275800 ms CreateObjectMapping: 0.141400 ms MarkObjects: 16.639600 ms  DeleteObjects: 0.067300 ms)

========================================================================
Received Import Request.
  Time since last request: 243.262931 seconds.
  path: Assets/AudioMixer.mixer
  artifactKey: Guid(cf5b4cc1d0586044b9c8d6c342c23904) Importer(815301076,1909f56bfc062723c751e8b465ee728b)
Start importing Assets/AudioMixer.mixer using Guid(cf5b4cc1d0586044b9c8d6c342c23904) Importer(815301076,1909f56bfc062723c751e8b465ee728b)  -> (artifact id: '8f683c0496e7ff33adfd0cdf9320ee04') in 0.054916 seconds
  Import took 0.064767 seconds .

========================================================================
Received Import Request.
  Time since last request: 0.020621 seconds.
  path: Assets/AudioMixer.mixer
  artifactKey: Guid(cf5b4cc1d0586044b9c8d6c342c23904) Importer(815301076,1909f56bfc062723c751e8b465ee728b)
Start importing Assets/AudioMixer.mixer using Guid(cf5b4cc1d0586044b9c8d6c342c23904) Importer(815301076,1909f56bfc062723c751e8b465ee728b)  -> (artifact id: '8f683c0496e7ff33adfd0cdf9320ee04') in 0.011172 seconds
  Import took 0.026485 seconds .

========================================================================
Received Import Request.
  Time since last request: 1.534052 seconds.
  path: Assets/Mystery Music.mp3
  artifactKey: Guid(32d1f069046f23d48897fea4eb2126d7) Importer(815301076,1909f56bfc062723c751e8b465ee728b)
Start importing Assets/Mystery Music.mp3 using Guid(32d1f069046f23d48897fea4eb2126d7) Importer(815301076,1909f56bfc062723c751e8b465ee728b)  -> (artifact id: '07257b6f0c499ce682348b9fbf472378') in 0.472555 seconds
  Import took 0.486763 seconds .

========================================================================
Received Import Request.
  Time since last request: 226.963202 seconds.
  path: Assets/Scripts/PlayerController.cs
  artifactKey: Guid(312dee30ab0be3949ad5266584c1a3cb) Importer(815301076,1909f56bfc062723c751e8b465ee728b)
Start importing Assets/Scripts/PlayerController.cs using Guid(312dee30ab0be3949ad5266584c1a3cb) Importer(815301076,1909f56bfc062723c751e8b465ee728b)  -> (artifact id: '30a0acc84689126c7f4f95967431ae69') in 0.035099 seconds
  Import took 0.045312 seconds .

========================================================================
Received Import Request.
  Time since last request: 0.152378 seconds.
  path: Assets/Scripts/PlayerController.cs
  artifactKey: Guid(312dee30ab0be3949ad5266584c1a3cb) Importer(815301076,1909f56bfc062723c751e8b465ee728b)
Start importing Assets/Scripts/PlayerController.cs using Guid(312dee30ab0be3949ad5266584c1a3cb) Importer(815301076,1909f56bfc062723c751e8b465ee728b)  -> (artifact id: '30a0acc84689126c7f4f95967431ae69') in 0.002850 seconds
  Import took 0.009664 seconds .

========================================================================
Received Prepare
Registering precompiled user dll's ...
Registered in 0.007957 seconds.
Begin MonoManager ReloadAssembly
Native extension for WindowsStandalone target not found
Refreshing native plugins compatible for Editor in 1.45 ms, found 1 plugins.
Preloading 0 native plugins for Editor in 0.00 ms.
Mono: successfully reloaded assembly
- Completed reload, in  2.241 seconds
Platform modules already initialized, skipping
Refreshing native plugins compatible for Editor in 0.99 ms, found 1 plugins.
Preloading 0 native plugins for Editor in 0.00 ms.
Unloading 2290 Unused Serialized files (Serialized files now loaded: 0)
System memory in use before: 108.9 MB.
System memory in use after: 109.1 MB.

Unloading 57 unused Assets to reduce memory usage. Loaded Objects now: 2759.
Total: 8.187700 ms (FindLiveObjects: 0.334000 ms CreateObjectMapping: 0.200600 ms MarkObjects: 7.618300 ms  DeleteObjects: 0.033500 ms)

========================================================================
Received Prepare
Registering precompiled user dll's ...
Registered in 0.008852 seconds.
Begin MonoManager ReloadAssembly
Native extension for WindowsStandalone target not found
Refreshing native plugins compatible for Editor in 1.61 ms, found 1 plugins.
Preloading 0 native plugins for Editor in 0.00 ms.
Mono: successfully reloaded assembly
- Completed reload, in  2.450 seconds
Platform modules already initialized, skipping
Refreshing native plugins compatible for Editor in 1.02 ms, found 1 plugins.
Preloading 0 native plugins for Editor in 0.00 ms.
Unloading 2290 Unused Serialized files (Serialized files now loaded: 0)
System memory in use before: 108.9 MB.
System memory in use after: 109.1 MB.

Unloading 57 unused Assets to reduce memory usage. Loaded Objects now: 2763.
Total: 9.762700 ms (FindLiveObjects: 0.226200 ms CreateObjectMapping: 0.093500 ms MarkObjects: 9.339900 ms  DeleteObjects: 0.101500 ms)

========================================================================
Received Import Request.
  Time since last request: 90.244948 seconds.
  path: Assets/Scripts/PlayerController.cs
  artifactKey: Guid(312dee30ab0be3949ad5266584c1a3cb) Importer(815301076,1909f56bfc062723c751e8b465ee728b)
Start importing Assets/Scripts/PlayerController.cs using Guid(312dee30ab0be3949ad5266584c1a3cb) Importer(815301076,1909f56bfc062723c751e8b465ee728b)  -> (artifact id: '0c41b40943e76be87a70f76041d1c098') in 0.006613 seconds
  Import took 0.011125 seconds .

========================================================================
Received Import Request.
  Time since last request: 62.228637 seconds.
  path: Assets/Scripts/PlayerController.cs
  artifactKey: Guid(312dee30ab0be3949ad5266584c1a3cb) Importer(815301076,1909f56bfc062723c751e8b465ee728b)
Start importing Assets/Scripts/PlayerController.cs using Guid(312dee30ab0be3949ad5266584c1a3cb) Importer(815301076,1909f56bfc062723c751e8b465ee728b)  -> (artifact id: '663b4381c16a7c531c07c0c4e5300fd0') in 0.011592 seconds
  Import took 0.031219 seconds .

========================================================================
Received Prepare
Registering precompiled user dll's ...
Registered in 0.010018 seconds.
Begin MonoManager ReloadAssembly
Native extension for WindowsStandalone target not found
Refreshing native plugins compatible for Editor in 1.47 ms, found 1 plugins.
Preloading 0 native plugins for Editor in 0.00 ms.
Mono: successfully reloaded assembly
- Completed reload, in  2.083 seconds
Platform modules already initialized, skipping
Refreshing native plugins compatible for Editor in 1.01 ms, found 1 plugins.
Preloading 0 native plugins for Editor in 0.00 ms.
Unloading 2290 Unused Serialized files (Serialized files now loaded: 0)
System memory in use before: 108.9 MB.
System memory in use after: 109.1 MB.

Unloading 57 unused Assets to reduce memory usage. Loaded Objects now: 2767.
Total: 10.312500 ms (FindLiveObjects: 0.263500 ms CreateObjectMapping: 0.121300 ms MarkObjects: 9.891300 ms  DeleteObjects: 0.035100 ms)

========================================================================
Received Prepare
Registering precompiled user dll's ...
Registered in 0.008610 seconds.
Begin MonoManager ReloadAssembly
Native extension for WindowsStandalone target not found
Refreshing native plugins compatible for Editor in 1.57 ms, found 1 plugins.
Preloading 0 native plugins for Editor in 0.00 ms.
Mono: successfully reloaded assembly
- Completed reload, in  1.962 seconds
Platform modules already initialized, skipping
Refreshing native plugins compatible for Editor in 0.82 ms, found 1 plugins.
Preloading 0 native plugins for Editor in 0.00 ms.
Unloading 2290 Unused Serialized files (Serialized files now loaded: 0)
System memory in use before: 108.9 MB.
System memory in use after: 109.1 MB.

Unloading 57 unused Assets to reduce memory usage. Loaded Objects now: 2771.
Total: 12.408300 ms (FindLiveObjects: 0.729200 ms CreateObjectMapping: 0.433200 ms MarkObjects: 11.197800 ms  DeleteObjects: 0.039300 ms)

========================================================================
Received Prepare
Registering precompiled user dll's ...
Registered in 0.008762 seconds.
Begin MonoManager ReloadAssembly
Native extension for WindowsStandalone target not found
Refreshing native plugins compatible for Editor in 1.27 ms, found 1 plugins.
Preloading 0 native plugins for Editor in 0.00 ms.
Mono: successfully reloaded assembly
- Completed reload, in  2.217 seconds
Platform modules already initialized, skipping
Refreshing native plugins compatible for Editor in 1.03 ms, found 1 plugins.
Preloading 0 native plugins for Editor in 0.00 ms.
Unloading 2290 Unused Serialized files (Serialized files now loaded: 0)
System memory in use before: 108.9 MB.
System memory in use after: 109.1 MB.

Unloading 57 unused Assets to reduce memory usage. Loaded Objects now: 2775.
Total: 13.510400 ms (FindLiveObjects: 0.398100 ms CreateObjectMapping: 0.150400 ms MarkObjects: 12.892300 ms  DeleteObjects: 0.067700 ms)

========================================================================
Received Prepare
Registering precompiled user dll's ...
Registered in 0.010472 seconds.
Begin MonoManager ReloadAssembly
Native extension for WindowsStandalone target not found
Refreshing native plugins compatible for Editor in 2.78 ms, found 1 plugins.
Preloading 0 native plugins for Editor in 0.00 ms.
Mono: successfully reloaded assembly
- Completed reload, in  2.331 seconds
Platform modules already initialized, skipping
Refreshing native plugins compatible for Editor in 2.82 ms, found 1 plugins.
Preloading 0 native plugins for Editor in 0.00 ms.
Unloading 2290 Unused Serialized files (Serialized files now loaded: 0)
System memory in use before: 108.9 MB.
System memory in use after: 109.2 MB.

Unloading 57 unused Assets to reduce memory usage. Loaded Objects now: 2779.
Total: 20.654400 ms (FindLiveObjects: 0.620100 ms CreateObjectMapping: 0.288500 ms MarkObjects: 19.678100 ms  DeleteObjects: 0.064800 ms)

========================================================================
Received Prepare
Registering precompiled user dll's ...
Registered in 0.008074 seconds.
Begin MonoManager ReloadAssembly
Native extension for WindowsStandalone target not found
Refreshing native plugins compatible for Editor in 0.74 ms, found 1 plugins.
Preloading 0 native plugins for Editor in 0.00 ms.
Mono: successfully reloaded assembly
- Completed reload, in  1.349 seconds
Platform modules already initialized, skipping
Refreshing native plugins compatible for Editor in 0.90 ms, found 1 plugins.
Preloading 0 native plugins for Editor in 0.00 ms.
Unloading 2290 Unused Serialized files (Serialized files now loaded: 0)
System memory in use before: 108.9 MB.
System memory in use after: 109.2 MB.

Unloading 57 unused Assets to reduce memory usage. Loaded Objects now: 2783.
Total: 7.515900 ms (FindLiveObjects: 0.260400 ms CreateObjectMapping: 0.114500 ms MarkObjects: 7.109300 ms  DeleteObjects: 0.030600 ms)

========================================================================
Received Prepare
Registering precompiled user dll's ...
Registered in 0.009121 seconds.
Begin MonoManager ReloadAssembly
Native extension for WindowsStandalone target not found
Refreshing native plugins compatible for Editor in 1.39 ms, found 1 plugins.
Preloading 0 native plugins for Editor in 0.00 ms.
Mono: successfully reloaded assembly
- Completed reload, in  2.153 seconds
Platform modules already initialized, skipping
Refreshing native plugins compatible for Editor in 1.52 ms, found 1 plugins.
Preloading 0 native plugins for Editor in 0.00 ms.
Unloading 2290 Unused Serialized files (Serialized files now loaded: 0)
System memory in use before: 108.9 MB.
System memory in use after: 109.2 MB.

Unloading 57 unused Assets to reduce memory usage. Loaded Objects now: 2787.
Total: 14.004700 ms (FindLiveObjects: 0.414100 ms CreateObjectMapping: 0.189500 ms MarkObjects: 13.340700 ms  DeleteObjects: 0.058400 ms)

========================================================================
Received Prepare
Registering precompiled user dll's ...
Registered in 0.011778 seconds.
Begin MonoManager ReloadAssembly
Native extension for WindowsStandalone target not found
Refreshing native plugins compatible for Editor in 1.00 ms, found 1 plugins.
Preloading 0 native plugins for Editor in 0.00 ms.
Mono: successfully reloaded assembly
- Completed reload, in  2.492 seconds
Platform modules already initialized, skipping
Refreshing native plugins compatible for Editor in 1.04 ms, found 1 plugins.
Preloading 0 native plugins for Editor in 0.00 ms.
Unloading 2290 Unused Serialized files (Serialized files now loaded: 0)
System memory in use before: 109.0 MB.
System memory in use after: 109.2 MB.

Unloading 57 unused Assets to reduce memory usage. Loaded Objects now: 2791.
Total: 12.196500 ms (FindLiveObjects: 0.421500 ms CreateObjectMapping: 0.230300 ms MarkObjects: 11.482300 ms  DeleteObjects: 0.060400 ms)

========================================================================
Received Prepare
Registering precompiled user dll's ...
Registered in 0.010467 seconds.
Begin MonoManager ReloadAssembly
Native extension for WindowsStandalone target not found
Refreshing native plugins compatible for Editor in 1.60 ms, found 1 plugins.
Preloading 0 native plugins for Editor in 0.00 ms.
Mono: successfully reloaded assembly
- Completed reload, in  1.665 seconds
Platform modules already initialized, skipping
Refreshing native plugins compatible for Editor in 2.97 ms, found 1 plugins.
Preloading 0 native plugins for Editor in 0.00 ms.
Unloading 2290 Unused Serialized files (Serialized files now loaded: 0)
System memory in use before: 109.0 MB.
System memory in use after: 109.2 MB.

Unloading 57 unused Assets to reduce memory usage. Loaded Objects now: 2795.
Total: 11.531300 ms (FindLiveObjects: 0.910900 ms CreateObjectMapping: 0.443000 ms MarkObjects: 10.139900 ms  DeleteObjects: 0.034800 ms)

========================================================================
Received Prepare
Registering precompiled user dll's ...
Registered in 0.010112 seconds.
Begin MonoManager ReloadAssembly
Native extension for WindowsStandalone target not found
Refreshing native plugins compatible for Editor in 1.55 ms, found 1 plugins.
Preloading 0 native plugins for Editor in 0.00 ms.
Mono: successfully reloaded assembly
- Completed reload, in  1.832 seconds
Platform modules already initialized, skipping
Refreshing native plugins compatible for Editor in 1.05 ms, found 1 plugins.
Preloading 0 native plugins for Editor in 0.00 ms.
Unloading 2290 Unused Serialized files (Serialized files now loaded: 0)
System memory in use before: 109.0 MB.
System memory in use after: 109.2 MB.

Unloading 57 unused Assets to reduce memory usage. Loaded Objects now: 2799.
Total: 7.032100 ms (FindLiveObjects: 0.217500 ms CreateObjectMapping: 0.091000 ms MarkObjects: 6.690400 ms  DeleteObjects: 0.032300 ms)

========================================================================
Received Prepare
Registering precompiled user dll's ...
Registered in 0.026580 seconds.
Begin MonoManager ReloadAssembly
Native extension for WindowsStandalone target not found
Refreshing native plugins compatible for Editor in 1.18 ms, found 1 plugins.
Preloading 0 native plugins for Editor in 0.00 ms.
Mono: successfully reloaded assembly
- Completed reload, in  3.390 seconds
Platform modules already initialized, skipping
Refreshing native plugins compatible for Editor in 1.05 ms, found 1 plugins.
Preloading 0 native plugins for Editor in 0.00 ms.
Unloading 2290 Unused Serialized files (Serialized files now loaded: 0)
System memory in use before: 109.0 MB.
System memory in use after: 109.2 MB.

Unloading 57 unused Assets to reduce memory usage. Loaded Objects now: 2803.
Total: 30.945300 ms (FindLiveObjects: 0.940900 ms CreateObjectMapping: 0.477200 ms MarkObjects: 29.373100 ms  DeleteObjects: 0.149300 ms)

========================================================================
Received Prepare
Registering precompiled user dll's ...
Registered in 0.007929 seconds.
Begin MonoManager ReloadAssembly
Native extension for WindowsStandalone target not found
Refreshing native plugins compatible for Editor in 1.48 ms, found 1 plugins.
Preloading 0 native plugins for Editor in 0.00 ms.
Mono: successfully reloaded assembly
- Completed reload, in  2.398 seconds
Platform modules already initialized, skipping
Refreshing native plugins compatible for Editor in 1.13 ms, found 1 plugins.
Preloading 0 native plugins for Editor in 0.00 ms.
Unloading 2290 Unused Serialized files (Serialized files now loaded: 0)
System memory in use before: 109.0 MB.
System memory in use after: 109.2 MB.

Unloading 57 unused Assets to reduce memory usage. Loaded Objects now: 2807.
Total: 8.975300 ms (FindLiveObjects: 0.293800 ms CreateObjectMapping: 0.194500 ms MarkObjects: 8.452400 ms  DeleteObjects: 0.033400 ms)

========================================================================
Received Prepare
Registering precompiled user dll's ...
Registered in 0.019221 seconds.
Begin MonoManager ReloadAssembly
Native extension for WindowsStandalone target not found
Refreshing native plugins compatible for Editor in 2.07 ms, found 1 plugins.
Preloading 0 native plugins for Editor in 0.00 ms.
Mono: successfully reloaded assembly
- Completed reload, in  1.983 seconds
Platform modules already initialized, skipping
Refreshing native plugins compatible for Editor in 1.00 ms, found 1 plugins.
Preloading 0 native plugins for Editor in 0.00 ms.
Unloading 2290 Unused Serialized files (Serialized files now loaded: 0)
System memory in use before: 109.0 MB.
System memory in use after: 109.2 MB.

Unloading 57 unused Assets to reduce memory usage. Loaded Objects now: 2811.
Total: 10.303000 ms (FindLiveObjects: 0.299200 ms CreateObjectMapping: 0.132900 ms MarkObjects: 9.822500 ms  DeleteObjects: 0.046800 ms)

========================================================================
Received Prepare
Registering precompiled user dll's ...
Registered in 0.007353 seconds.
Begin MonoManager ReloadAssembly
Native extension for WindowsStandalone target not found
Refreshing native plugins compatible for Editor in 2.46 ms, found 1 plugins.
Preloading 0 native plugins for Editor in 0.00 ms.
Mono: successfully reloaded assembly
- Completed reload, in  2.346 seconds
Platform modules already initialized, skipping
Refreshing native plugins compatible for Editor in 3.23 ms, found 1 plugins.
Preloading 0 native plugins for Editor in 0.00 ms.
Unloading 2290 Unused Serialized files (Serialized files now loaded: 0)
System memory in use before: 109.0 MB.
System memory in use after: 109.2 MB.

Unloading 57 unused Assets to reduce memory usage. Loaded Objects now: 2815.
Total: 6.949500 ms (FindLiveObjects: 0.227700 ms CreateObjectMapping: 0.087100 ms MarkObjects: 6.602900 ms  DeleteObjects: 0.030700 ms)

========================================================================
Received Prepare
Registering precompiled user dll's ...
Registered in 0.008687 seconds.
Begin MonoManager ReloadAssembly
Native extension for WindowsStandalone target not found
Refreshing native plugins compatible for Editor in 2.42 ms, found 1 plugins.
Preloading 0 native plugins for Editor in 0.00 ms.
Mono: successfully reloaded assembly
- Completed reload, in  2.487 seconds
Platform modules already initialized, skipping
Refreshing native plugins compatible for Editor in 1.74 ms, found 1 plugins.
Preloading 0 native plugins for Editor in 0.00 ms.
Unloading 2290 Unused Serialized files (Serialized files now loaded: 0)
System memory in use before: 109.0 MB.
System memory in use after: 109.2 MB.

Unloading 57 unused Assets to reduce memory usage. Loaded Objects now: 2819.
Total: 11.395300 ms (FindLiveObjects: 0.301200 ms CreateObjectMapping: 0.144000 ms MarkObjects: 10.898900 ms  DeleteObjects: 0.049400 ms)

========================================================================
Received Prepare
Registering precompiled user dll's ...
Registered in 0.018166 seconds.
Begin MonoManager ReloadAssembly
Native extension for WindowsStandalone target not found
Refreshing native plugins compatible for Editor in 0.96 ms, found 1 plugins.
Preloading 0 native plugins for Editor in 0.00 ms.
Mono: successfully reloaded assembly
- Completed reload, in  1.882 seconds
Platform modules already initialized, skipping
Refreshing native plugins compatible for Editor in 0.92 ms, found 1 plugins.
Preloading 0 native plugins for Editor in 0.00 ms.
Unloading 2290 Unused Serialized files (Serialized files now loaded: 0)
System memory in use before: 109.0 MB.
System memory in use after: 109.2 MB.

Unloading 57 unused Assets to reduce memory usage. Loaded Objects now: 2823.
Total: 7.045300 ms (FindLiveObjects: 0.231600 ms CreateObjectMapping: 0.097200 ms MarkObjects: 6.684300 ms  DeleteObjects: 0.031100 ms)

========================================================================
Received Prepare
Registering precompiled user dll's ...
Registered in 0.015425 seconds.
Begin MonoManager ReloadAssembly
Native extension for WindowsStandalone target not found
Refreshing native plugins compatible for Editor in 1.04 ms, found 1 plugins.
Preloading 0 native plugins for Editor in 0.00 ms.
Mono: successfully reloaded assembly
- Completed reload, in  1.809 seconds
Platform modules already initialized, skipping
Refreshing native plugins compatible for Editor in 0.93 ms, found 1 plugins.
Preloading 0 native plugins for Editor in 0.00 ms.
Unloading 2290 Unused Serialized files (Serialized files now loaded: 0)
System memory in use before: 109.0 MB.
System memory in use after: 109.2 MB.

Unloading 57 unused Assets to reduce memory usage. Loaded Objects now: 2827.
Total: 7.203800 ms (FindLiveObjects: 0.236300 ms CreateObjectMapping: 0.098400 ms MarkObjects: 6.814300 ms  DeleteObjects: 0.053800 ms)

========================================================================
Received Prepare
Registering precompiled user dll's ...
Registered in 0.018459 seconds.
Begin MonoManager ReloadAssembly
Native extension for WindowsStandalone target not found
Refreshing native plugins compatible for Editor in 1.00 ms, found 1 plugins.
Preloading 0 native plugins for Editor in 0.00 ms.
Mono: successfully reloaded assembly
- Completed reload, in  2.751 seconds
Platform modules already initialized, skipping
Refreshing native plugins compatible for Editor in 0.96 ms, found 1 plugins.
Preloading 0 native plugins for Editor in 0.00 ms.
Unloading 2290 Unused Serialized files (Serialized files now loaded: 0)
System memory in use before: 109.0 MB.
System memory in use after: 109.3 MB.

Unloading 57 unused Assets to reduce memory usage. Loaded Objects now: 2831.
Total: 9.824300 ms (FindLiveObjects: 0.332300 ms CreateObjectMapping: 0.136900 ms MarkObjects: 9.304900 ms  DeleteObjects: 0.048700 ms)

========================================================================
Received Prepare
Registering precompiled user dll's ...
Registered in 0.021014 seconds.
Begin MonoManager ReloadAssembly
Native extension for WindowsStandalone target not found
Refreshing native plugins compatible for Editor in 1.64 ms, found 1 plugins.
Preloading 0 native plugins for Editor in 0.00 ms.
Mono: successfully reloaded assembly
- Completed reload, in  3.152 seconds
Platform modules already initialized, skipping
Refreshing native plugins compatible for Editor in 1.38 ms, found 1 plugins.
Preloading 0 native plugins for Editor in 0.00 ms.
Unloading 2290 Unused Serialized files (Serialized files now loaded: 0)
System memory in use before: 109.0 MB.
System memory in use after: 109.3 MB.

Unloading 57 unused Assets to reduce memory usage. Loaded Objects now: 2835.
Total: 20.271200 ms (FindLiveObjects: 0.464500 ms CreateObjectMapping: 0.190600 ms MarkObjects: 19.561200 ms  DeleteObjects: 0.053100 ms)

========================================================================
Received Prepare
Registering precompiled user dll's ...
Registered in 0.035147 seconds.
Begin MonoManager ReloadAssembly
Native extension for WindowsStandalone target not found
Refreshing native plugins compatible for Editor in 0.99 ms, found 1 plugins.
Preloading 0 native plugins for Editor in 0.00 ms.
Mono: successfully reloaded assembly
- Completed reload, in  2.483 seconds
Platform modules already initialized, skipping
Refreshing native plugins compatible for Editor in 1.14 ms, found 1 plugins.
Preloading 0 native plugins for Editor in 0.00 ms.
Unloading 2290 Unused Serialized files (Serialized files now loaded: 0)
System memory in use before: 109.1 MB.
System memory in use after: 109.3 MB.

Unloading 57 unused Assets to reduce memory usage. Loaded Objects now: 2839.
Total: 10.895200 ms (FindLiveObjects: 0.308600 ms CreateObjectMapping: 0.144300 ms MarkObjects: 10.395700 ms  DeleteObjects: 0.044200 ms)

AssetImportWorkerClient::OnTransportError - code=2 error=End of file
